<?xml version="1.0" encoding="UTF-8"?>
<!-- Generated by org.testng.reporters.JUnitXMLReporter -->
<testsuite hostname="Q3GN0170" name="Default test" tests="5" failures="0" timestamp="3 Feb 2016 05:11:54 GMT" time="0.061" errors="0">
  <testcase name="@BeforeTest setUp" time="0.0" classname="com.eztrackit.testcases.Run_ForgotPasswordTest">
    <failure type="org.testng.TestNGException" message="
Parameter &amp;apos;browserName&amp;apos; is required by @Configuration on method setUp but has not been marked @Optional or defined
in C:\Users\svmaheshwaran\AppData\Local\Temp\testng-eclipse-168397105\testng-customsuite.xml">
      <![CDATA[org.testng.TestNGException: 
Parameter 'browserName' is required by @Configuration on method setUp but has not been marked @Optional or defined
in C:\Users\svmaheshwaran\AppData\Local\Temp\testng-eclipse-168397105\testng-customsuite.xml
	at org.testng.internal.Parameters.createParameters(Parameters.java:154)
	at org.testng.internal.Parameters.createParameters(Parameters.java:361)
	at org.testng.internal.Parameters.createConfigurationParameters(Parameters.java:84)
	at org.testng.internal.Invoker.invokeConfigurations(Invoker.java:201)
	at org.testng.internal.Invoker.invokeConfigurations(Invoker.java:142)
	at org.testng.TestRunner.beforeRun(TestRunner.java:656)
	at org.testng.TestRunner.run(TestRunner.java:624)
	at org.testng.SuiteRunner.runTest(SuiteRunner.java:366)
	at org.testng.SuiteRunner.runSequentially(SuiteRunner.java:361)
	at org.testng.SuiteRunner.privateRun(SuiteRunner.java:319)
	at org.testng.SuiteRunner.run(SuiteRunner.java:268)
	at org.testng.SuiteRunnerWorker.runSuite(SuiteRunnerWorker.java:52)
	at org.testng.SuiteRunnerWorker.run(SuiteRunnerWorker.java:86)
	at org.testng.TestNG.runSuitesSequentially(TestNG.java:1244)
	at org.testng.TestNG.runSuitesLocally(TestNG.java:1169)
	at org.testng.TestNG.run(TestNG.java:1064)
	at org.testng.remote.RemoteTestNG.run(RemoteTestNG.java:113)
	at org.testng.remote.RemoteTestNG.initAndRun(RemoteTestNG.java:206)
	at org.testng.remote.RemoteTestNG.main(RemoteTestNG.java:177)
]]>
    </failure>
  </testcase> <!-- @BeforeTest setUp -->
  <testcase name="@BeforeTest setUp" time="0.0" classname="com.eztrackit.testcases.Run_ForgotPasswordTest">
    <skipped/>
  </testcase> <!-- @BeforeTest setUp -->
  <testcase name="@BeforeTest setUp" time="0.0" classname="com.eztrackit.testcases.Run_ForgotPasswordTest">
    <skipped/>
  </testcase> <!-- @BeforeTest setUp -->
  <testcase name="@BeforeTest setUp" time="0.0" classname="com.eztrackit.testcases.Run_ForgotPasswordTest">
    <skipped/>
  </testcase> <!-- @BeforeTest setUp -->
  <testcase name="@BeforeTest setUpMail" time="0.0" classname="com.eztrackit.testcases.Run_ForgotPasswordTest">
    <skipped/>
  </testcase> <!-- @BeforeTest setUpMail -->
  <testcase name="@BeforeMethod Initialize" time="0.0" classname="com.eztrackit.testcases.Run_ResetPasswordTest">
    <skipped/>
  </testcase> <!-- @BeforeMethod Initialize -->
  <testcase name="@BeforeMethod Initialize" time="0.0" classname="com.eztrackit.testcases.Run_RegisterTest">
    <skipped/>
  </testcase> <!-- @BeforeMethod Initialize -->
  <testcase name="@BeforeMethod Initialize" time="0.0" classname="com.eztrackit.testcases.Run_ValidateMailTest">
    <skipped/>
  </testcase> <!-- @BeforeMethod Initialize -->
  <testcase name="@BeforeMethod Initialize" time="0.0" classname="com.eztrackit.testcases.Run_ForgotPasswordTest">
    <skipped/>
  </testcase> <!-- @BeforeMethod Initialize -->
  <testcase name="@BeforeMethod Initialize" time="0.0" classname="com.eztrackit.testcases.Run_OrganizationTest">
    <skipped/>
  </testcase> <!-- @BeforeMethod Initialize -->
  <testcase name="@AfterTest teardown" time="0.0" classname="com.eztrackit.testcases.Run_RegisterTest">
    <skipped/>
  </testcase> <!-- @AfterTest teardown -->
  <testcase name="@AfterTest teardown" time="0.0" classname="com.eztrackit.testcases.Run_RegisterTest">
    <skipped/>
  </testcase> <!-- @AfterTest teardown -->
  <testcase name="ValidateForgotPasswordMail" time="0.01" classname="com.eztrackit.testcases.Run_ResetPasswordTest">
    <skipped/>
  </testcase> <!-- ValidateForgotPasswordMail -->
  <testcase name="testRegister" time="0.0" classname="com.eztrackit.testcases.Run_RegisterTest">
    <skipped/>
  </testcase> <!-- testRegister -->
  <testcase name="testValidateMail" time="0.0" classname="com.eztrackit.testcases.Run_ValidateMailTest">
    <skipped/>
  </testcase> <!-- testValidateMail -->
  <testcase name="testForgotPassword" time="0.0" classname="com.eztrackit.testcases.Run_ForgotPasswordTest">
    <skipped/>
  </testcase> <!-- testForgotPassword -->
  <testcase name="testSearchOrganizations" time="0.0" classname="com.eztrackit.testcases.Run_OrganizationTest">
    <skipped/>
  </testcase> <!-- testSearchOrganizations -->
</testsuite> <!-- Default test -->
