<?xml version="1.0" encoding="UTF-8"?>
<!-- Generated by org.testng.reporters.JUnitXMLReporter -->
<testsuite hostname="TL12" ignored="0" name="Default test" tests="12" failures="0" timestamp="18 Apr 2018 13:33:39 GMT" time="0.059" errors="0">
  <testcase name="@BeforeTest setUp" time="0.0" classname="com.tradeleaves.backoffice.testcases.companyverification.Run_BuyerCompanyVerificationTest">
    <failure type="org.testng.TestNGException" message="
Parameter &amp;apos;browserName&amp;apos; is required by BeforeTest on method setUp but has not been marked @Optional or defined
in C:\Users\ramya.bandi\AppData\Local\Temp\testng-eclipse--1250102500\testng-customsuite.xml">
      <![CDATA[org.testng.TestNGException: 
Parameter 'browserName' is required by BeforeTest on method setUp but has not been marked @Optional or defined
in C:\Users\ramya.bandi\AppData\Local\Temp\testng-eclipse--1250102500\testng-customsuite.xml
	at org.testng.internal.Parameters.createParameters(Parameters.java:199)
	at org.testng.internal.Parameters.createParameters(Parameters.java:443)
	at org.testng.internal.Parameters.createConfigurationParameters(Parameters.java:118)
	at org.testng.internal.Invoker.invokeConfigurations(Invoker.java:206)
	at org.testng.internal.Invoker.invokeConfigurations(Invoker.java:146)
	at org.testng.TestRunner.beforeRun(TestRunner.java:626)
	at org.testng.TestRunner.run(TestRunner.java:594)
	at org.testng.SuiteRunner.runTest(SuiteRunner.java:380)
	at org.testng.SuiteRunner.runSequentially(SuiteRunner.java:375)
	at org.testng.SuiteRunner.privateRun(SuiteRunner.java:340)
	at org.testng.SuiteRunner.run(SuiteRunner.java:289)
	at org.testng.SuiteRunnerWorker.runSuite(SuiteRunnerWorker.java:52)
	at org.testng.SuiteRunnerWorker.run(SuiteRunnerWorker.java:86)
	at org.testng.TestNG.runSuitesSequentially(TestNG.java:1301)
	at org.testng.TestNG.runSuitesLocally(TestNG.java:1226)
	at org.testng.TestNG.runSuites(TestNG.java:1144)
	at org.testng.TestNG.run(TestNG.java:1115)
	at org.testng.remote.AbstractRemoteTestNG.run(AbstractRemoteTestNG.java:132)
	at org.testng.remote.RemoteTestNG.initAndRun(RemoteTestNG.java:230)
	at org.testng.remote.RemoteTestNG.main(RemoteTestNG.java:76)
]]>
    </failure>
  </testcase> <!-- @BeforeTest setUp -->
  <testcase name="@BeforeTest setUp" time="0.0" classname="com.tradeleaves.marketplace.testcases.businessflow.Run_BuyerFlowTest">
    <skipped/>
  </testcase> <!-- @BeforeTest setUp -->
  <testcase name="@BeforeTest setUp" time="0.0" classname="com.tradeleaves.backoffice.testcases.companyverification.Run_CompanyVerificationTest">
    <skipped/>
  </testcase> <!-- @BeforeTest setUp -->
  <testcase name="@BeforeTest setUp" time="0.0" classname="com.tradeleaves.backoffice.testcases.productverification.Run_ProductVerificationTest">
    <skipped/>
  </testcase> <!-- @BeforeTest setUp -->
  <testcase name="@BeforeTest setUp" time="0.0" classname="com.tradeleaves.marketplace.testcases.businessflow.Run_SupplierFlowTest">
    <skipped/>
  </testcase> <!-- @BeforeTest setUp -->
  <testcase name="@BeforeTest setUp" time="0.0" classname="com.tradeleaves.marketplace.testcases.uicheckonpages.Run_UICheckTest">
    <skipped/>
  </testcase> <!-- @BeforeTest setUp -->
  <testcase name="Initialize" time="0.0" classname="com.tradeleaves.backoffice.testcases.productverification.Run_ProductVerificationTest">
    <skipped/>
  </testcase> <!-- Initialize -->
  <testcase name="Initialize" time="0.0" classname="com.tradeleaves.marketplace.testcases.uicheckonpages.Run_UICheckTest">
    <skipped/>
  </testcase> <!-- Initialize -->
  <testcase name="Initialize" time="0.0" classname="com.tradeleaves.backoffice.testcases.companyverification.Run_CompanyVerificationTest">
    <skipped/>
  </testcase> <!-- Initialize -->
  <testcase name="Initialize" time="0.0" classname="com.tradeleaves.marketplace.testcases.businessflow.Run_BuyerFlowTest">
    <skipped/>
  </testcase> <!-- Initialize -->
  <testcase name="Initialize" time="0.0" classname="com.tradeleaves.marketplace.testcases.businessflow.Run_SupplierFlowTest">
    <skipped/>
  </testcase> <!-- Initialize -->
  <testcase name="Initialize" time="0.0" classname="com.tradeleaves.backoffice.testcases.companyverification.Run_BuyerCompanyVerificationTest">
    <skipped/>
  </testcase> <!-- Initialize -->
  <testcase name="testProductVerification" time="0.0" classname="com.tradeleaves.backoffice.testcases.productverification.Run_ProductVerificationTest">
    <skipped/>
  </testcase> <!-- testProductVerification -->
  <testcase name="testUICheckOnPage" time="0.0" classname="com.tradeleaves.marketplace.testcases.uicheckonpages.Run_UICheckTest">
    <skipped/>
  </testcase> <!-- testUICheckOnPage -->
  <testcase name="testCompanyVerification" time="0.0" classname="com.tradeleaves.backoffice.testcases.companyverification.Run_CompanyVerificationTest">
    <skipped/>
  </testcase> <!-- testCompanyVerification -->
  <testcase name="testBuyerFlow" time="0.0" classname="com.tradeleaves.marketplace.testcases.businessflow.Run_BuyerFlowTest">
    <skipped/>
  </testcase> <!-- testBuyerFlow -->
  <testcase name="testSupplierFlow" time="0.0" classname="com.tradeleaves.marketplace.testcases.businessflow.Run_SupplierFlowTest">
    <skipped/>
  </testcase> <!-- testSupplierFlow -->
  <testcase name="testCompanyVerification" time="0.0" classname="com.tradeleaves.backoffice.testcases.companyverification.Run_BuyerCompanyVerificationTest">
    <skipped/>
  </testcase> <!-- testCompanyVerification -->
</testsuite> <!-- Default test -->
