<?xml version="1.0" encoding="UTF-8"?>
<!-- Generated by org.testng.reporters.JUnitReportReporter -->
<testsuite skipped="2" hostname="TL12" name="com.tradeleaves.backoffice.testcases.companyverification.Run_BuyerCompanyVerificationTest" tests="3" failures="0" timestamp="18 Apr 2018 13:33:39 GMT" time="0.000" errors="1">
  <testcase name="setUp" time="0.000" classname="com.tradeleaves.backoffice.testcases.companyverification.Run_BuyerCompanyVerificationTest">
    <error type="org.testng.TestNGException" message="
Parameter &#039;browserName&#039; is required by BeforeTest on method setUp but has not been marked @Optional or defined
in C:\Users\ramya.bandi\AppData\Local\Temp\testng-eclipse--1250102500\testng-customsuite.xml">
      <![CDATA[org.testng.TestNGException: 
Parameter 'browserName' is required by BeforeTest on method setUp but has not been marked @Optional or defined
in C:\Users\ramya.bandi\AppData\Local\Temp\testng-eclipse--1250102500\testng-customsuite.xml
	at org.testng.internal.Parameters.createParameters(Parameters.java:199)
	at org.testng.internal.Parameters.createParameters(Parameters.java:443)
	at org.testng.internal.Parameters.createConfigurationParameters(Parameters.java:118)
	at org.testng.internal.Invoker.invokeConfigurations(Invoker.java:206)
	at org.testng.internal.Invoker.invokeConfigurations(Invoker.java:146)
	at org.testng.TestRunner.beforeRun(TestRunner.java:626)
	at org.testng.TestRunner.run(TestRunner.java:594)
	at org.testng.SuiteRunner.runTest(SuiteRunner.java:380)
	at org.testng.SuiteRunner.runSequentially(SuiteRunner.java:375)
	at org.testng.SuiteRunner.privateRun(SuiteRunner.java:340)
	at org.testng.SuiteRunner.run(SuiteRunner.java:289)
	at org.testng.SuiteRunnerWorker.runSuite(SuiteRunnerWorker.java:52)
	at org.testng.SuiteRunnerWorker.run(SuiteRunnerWorker.java:86)
	at org.testng.TestNG.runSuitesSequentially(TestNG.java:1301)
	at org.testng.TestNG.runSuitesLocally(TestNG.java:1226)
	at org.testng.TestNG.runSuites(TestNG.java:1144)
	at org.testng.TestNG.run(TestNG.java:1115)
	at org.testng.remote.AbstractRemoteTestNG.run(AbstractRemoteTestNG.java:132)
	at org.testng.remote.RemoteTestNG.initAndRun(RemoteTestNG.java:230)
	at org.testng.remote.RemoteTestNG.main(RemoteTestNG.java:76)
]]>
    </error>
  </testcase> <!-- setUp -->
  <testcase name="Initialize" time="0.000" classname="com.tradeleaves.backoffice.testcases.companyverification.Run_BuyerCompanyVerificationTest">
    <skipped/>
  </testcase> <!-- Initialize -->
  <testcase name="testCompanyVerification" time="0.000" classname="com.tradeleaves.backoffice.testcases.companyverification.Run_BuyerCompanyVerificationTest">
    <skipped/>
  </testcase> <!-- testCompanyVerification -->
</testsuite> <!-- com.tradeleaves.backoffice.testcases.companyverification.Run_BuyerCompanyVerificationTest -->
