<?xml version="1.0" encoding="UTF-8"?>
<!-- Generated by org.testng.reporters.JUnitXMLReporter -->
<testsuite hostname="TL12" ignored="0" name="Test supplier Product verification" tests="2" failures="1" timestamp="12 Feb 2018 11:06:38 GMT" time="95.926" errors="0">
  <testcase name="Initialize" time="0.002" classname="com.tradeleaves.backoffice.testcases.productverification.Run_ProductVerificationTest"/>
  <testcase name="testProductVerification" time="90.901" classname="com.tradeleaves.backoffice.testcases.productverification.Run_ProductVerificationTest">
    <failure type="org.openqa.selenium.NoSuchElementException" message="no such element: Unable to locate element: {&amp;quot;method&amp;quot;:&amp;quot;xpath&amp;quot;,&amp;quot;selector&amp;quot;:&amp;quot;html/body/div/div/div/md-content/section/div/div/div[2]/div[2]/div/md-content[2]/md-content/div[1]/div[1]/ul/li/div/div/div/div/p/*[contains(text(),&amp;apos;500&amp;apos;)]/parent::*/parent::div/parent::div/div[1]/p[1]/*&amp;quot;}
  (Session info: chrome=63.0.3239.132)
  (Driver info: chromedriver=2.33.506120 (e3e53437346286c0bc2d2dc9aa4915ba81d9023f),platform=Windows NT 6.3.9600 x86_64) (WARNING: The server did not provide any stacktrace information)
Command duration or timeout: 70.05 seconds
For documentation on this error, please visit: http://seleniumhq.org/exceptions/no_such_element.html
Build info: version: &amp;apos;unknown&amp;apos;, revision: &amp;apos;1969d75&amp;apos;, time: &amp;apos;2016-10-18 09:43:45 -0700&amp;apos;
System info: host: &amp;apos;TL12&amp;apos;, ip: &amp;apos;192.168.241.251&amp;apos;, os.name: &amp;apos;Windows 8.1&amp;apos;, os.arch: &amp;apos;amd64&amp;apos;, os.version: &amp;apos;6.3&amp;apos;, java.version: &amp;apos;1.8.0_144&amp;apos;
Driver info: org.openqa.selenium.chrome.ChromeDriver
Capabilities [{applicationCacheEnabled=false, rotatable=false, mobileEmulationEnabled=false, networkConnectionEnabled=false, chrome={chromedriverVersion=2.33.506120 (e3e53437346286c0bc2d2dc9aa4915ba81d9023f), userDataDir=C:\Users\RAMYA~1.BAN\AppData\Local\Temp\scoped_dir9572_27790}, takesHeapSnapshot=true, pageLoadStrategy=normal, databaseEnabled=false, handlesAlerts=true, hasTouchScreen=false, version=63.0.3239.132, platform=WIN8_1, browserConnectionEnabled=false, nativeEvents=true, acceptSslCerts=true, locationContextEnabled=true, webStorageEnabled=true, browserName=chrome, takesScreenshot=true, javascriptEnabled=true, cssSelectorsEnabled=true, setWindowRect=true, unexpectedAlertBehaviour=}]
Session ID: cb49247a05e8245ca749b1ddb011820e
*** Element info: {Using=xpath, value=html/body/div/div/div/md-content/section/div/div/div[2]/div[2]/div/md-content[2]/md-content/div[1]/div[1]/ul/li/div/div/div/div/p/*[contains(text(),&amp;apos;500&amp;apos;)]/parent::*/parent::div/parent::div/div[1]/p[1]/*}">
      <![CDATA[org.openqa.selenium.NoSuchElementException: no such element: Unable to locate element: {"method":"xpath","selector":"html/body/div/div/div/md-content/section/div/div/div[2]/div[2]/div/md-content[2]/md-content/div[1]/div[1]/ul/li/div/div/div/div/p/*[contains(text(),'500')]/parent::*/parent::div/parent::div/div[1]/p[1]/*"}
  (Session info: chrome=63.0.3239.132)
  (Driver info: chromedriver=2.33.506120 (e3e53437346286c0bc2d2dc9aa4915ba81d9023f),platform=Windows NT 6.3.9600 x86_64) (WARNING: The server did not provide any stacktrace information)
Command duration or timeout: 70.05 seconds
For documentation on this error, please visit: http://seleniumhq.org/exceptions/no_such_element.html
Build info: version: 'unknown', revision: '1969d75', time: '2016-10-18 09:43:45 -0700'
System info: host: 'TL12', ip: '192.168.241.251', os.name: 'Windows 8.1', os.arch: 'amd64', os.version: '6.3', java.version: '1.8.0_144'
Driver info: org.openqa.selenium.chrome.ChromeDriver
Capabilities [{applicationCacheEnabled=false, rotatable=false, mobileEmulationEnabled=false, networkConnectionEnabled=false, chrome={chromedriverVersion=2.33.506120 (e3e53437346286c0bc2d2dc9aa4915ba81d9023f), userDataDir=C:\Users\RAMYA~1.BAN\AppData\Local\Temp\scoped_dir9572_27790}, takesHeapSnapshot=true, pageLoadStrategy=normal, databaseEnabled=false, handlesAlerts=true, hasTouchScreen=false, version=63.0.3239.132, platform=WIN8_1, browserConnectionEnabled=false, nativeEvents=true, acceptSslCerts=true, locationContextEnabled=true, webStorageEnabled=true, browserName=chrome, takesScreenshot=true, javascriptEnabled=true, cssSelectorsEnabled=true, setWindowRect=true, unexpectedAlertBehaviour=}]
Session ID: cb49247a05e8245ca749b1ddb011820e
*** Element info: {Using=xpath, value=html/body/div/div/div/md-content/section/div/div/div[2]/div[2]/div/md-content[2]/md-content/div[1]/div[1]/ul/li/div/div/div/div/p/*[contains(text(),'500')]/parent::*/parent::div/parent::div/div[1]/p[1]/*}
	at org.openqa.selenium.remote.ErrorHandler.createThrowable(ErrorHandler.java:216)
	at org.openqa.selenium.remote.ErrorHandler.throwIfResponseFailed(ErrorHandler.java:168)
	at org.openqa.selenium.remote.RemoteWebDriver.execute(RemoteWebDriver.java:635)
	at org.openqa.selenium.remote.RemoteWebDriver.findElement(RemoteWebDriver.java:368)
	at org.openqa.selenium.remote.RemoteWebDriver.findElementByXPath(RemoteWebDriver.java:473)
	at org.openqa.selenium.By$ByXPath.findElement(By.java:361)
	at org.openqa.selenium.remote.RemoteWebDriver.findElement(RemoteWebDriver.java:360)
	at com.tradeleaves.marketplace.utility.Utility.KeywordDataExecution(Utility.java:341)
	at com.tradeleaves.marketplace.pages.ProductVerificationPage.doProductVerification(ProductVerificationPage.java:20)
	at com.tradeleaves.backoffice.testcases.productverification.Run_ProductVerificationTest.testProductVerification(Run_ProductVerificationTest.java:61)
... Removed 29 stack frames]]>
    </failure>
  </testcase> <!-- testProductVerification -->
</testsuite> <!-- Test supplier Product verification -->
