<?xml version="1.0" encoding="UTF-8"?>
<!-- Generated by org.testng.reporters.JUnitXMLReporter -->
<testsuite hostname="Q3GN0170" name="Register" tests="1" failures="1" timestamp="28 Jan 2016 07:06:45 GMT" time="70.142" errors="0">
  <testcase name="testRegister" time="48.773" classname="com.eztrackit.testcases.Run_RegisterTest">
    <failure type="org.openqa.selenium.TimeoutException" message="Timed out after 15 seconds waiting for element to be clickable: [[ChromeDriver: chrome on XP (552afb0ffad6076e5e4eedcccd6b4d8f)] -&amp;gt; xpath: //button[@type=&amp;apos;submit&amp;apos;]]
Build info: version: &amp;apos;2.46.0&amp;apos;, revision: &amp;apos;87c69e2&amp;apos;, time: &amp;apos;2015-06-04 16:17:10&amp;apos;
System info: host: &amp;apos;Q3GN0170&amp;apos;, ip: &amp;apos;192.168.11.68&amp;apos;, os.name: &amp;apos;Windows 7&amp;apos;, os.arch: &amp;apos;x86&amp;apos;, os.version: &amp;apos;6.1&amp;apos;, java.version: &amp;apos;1.8.0_40&amp;apos;
Driver info: org.openqa.selenium.chrome.ChromeDriver
Capabilities [{applicationCacheEnabled=false, rotatable=false, mobileEmulationEnabled=false, chrome={userDataDir=C:\Users\SVMAHE~1\AppData\Local\Temp\scoped_dir4552_20745}, takesHeapSnapshot=true, databaseEnabled=false, handlesAlerts=true, hasTouchScreen=false, version=48.0.2564.82, platform=XP, browserConnectionEnabled=false, nativeEvents=true, acceptSslCerts=true, locationContextEnabled=true, webStorageEnabled=true, browserName=chrome, takesScreenshot=true, javascriptEnabled=true, cssSelectorsEnabled=true}]
Session ID: 552afb0ffad6076e5e4eedcccd6b4d8f">
      <![CDATA[org.openqa.selenium.TimeoutException: Timed out after 15 seconds waiting for element to be clickable: [[ChromeDriver: chrome on XP (552afb0ffad6076e5e4eedcccd6b4d8f)] -> xpath: //button[@type='submit']]
Build info: version: '2.46.0', revision: '87c69e2', time: '2015-06-04 16:17:10'
System info: host: 'Q3GN0170', ip: '192.168.11.68', os.name: 'Windows 7', os.arch: 'x86', os.version: '6.1', java.version: '1.8.0_40'
Driver info: org.openqa.selenium.chrome.ChromeDriver
Capabilities [{applicationCacheEnabled=false, rotatable=false, mobileEmulationEnabled=false, chrome={userDataDir=C:\Users\SVMAHE~1\AppData\Local\Temp\scoped_dir4552_20745}, takesHeapSnapshot=true, databaseEnabled=false, handlesAlerts=true, hasTouchScreen=false, version=48.0.2564.82, platform=XP, browserConnectionEnabled=false, nativeEvents=true, acceptSslCerts=true, locationContextEnabled=true, webStorageEnabled=true, browserName=chrome, takesScreenshot=true, javascriptEnabled=true, cssSelectorsEnabled=true}]
Session ID: 552afb0ffad6076e5e4eedcccd6b4d8f
	at org.openqa.selenium.support.ui.WebDriverWait.timeoutException(WebDriverWait.java:80)
	at org.openqa.selenium.support.ui.FluentWait.until(FluentWait.java:229)
	at com.eztrackit.pages.RegisterPage.Click_Registerbtn(RegisterPage.java:70)
	at com.eztrackit.testcases.Run_RegisterTest.testRegister(Run_RegisterTest.java:47)
... Removed 24 stack frames]]>
    </failure>
  </testcase> <!-- testRegister -->
</testsuite> <!-- Register -->
